#
# There is insufficient memory for the Java Runtime Environment to continue.
# Native memory allocation (malloc) failed to allocate 1048576 bytes for AllocateHeap
# Possible reasons:
#   The system is out of physical RAM or swap space
#   In 32 bit mode, the process size limit was hit
# Possible solutions:
#   Reduce memory load on the system
#   Increase physical memory or swap space
#   Check if swap backing store is full
#   Use 64 bit Java on a 64 bit OS
#   Decrease Java heap size (-Xmx/-Xms)
#   Decrease number of Java threads
#   Decrease Java thread stack sizes (-Xss)
#   Set larger code cache with -XX:ReservedCodeCacheSize=
# This output file may be truncated or incomplete.
#
#  Out of Memory Error (memory/allocation.inline.hpp:61), pid=12548, tid=0x0000000000002dcc
#
# JRE version:  (8.0_152-b01) (build )
# Java VM: OpenJDK 64-Bit Server VM (25.152-b01 mixed mode windows-amd64 compressed oops)
# Failed to write core dump. Minidumps are not enabled by default on client versions of Windows
#

---------------  T H R E A D  ---------------

Current thread (0x0000000003341800):  JavaThread "Unknown thread" [_thread_in_vm, id=11724, stack(0x0000000003240000,0x0000000003340000)]

Stack: [0x0000000003240000,0x0000000003340000]
[error occurred during error reporting (printing stack bounds), id 0xc0000005]

Native frames: (J=compiled Java code, j=interpreted, Vv=VM code, C=native code)


---------------  P R O C E S S  ---------------

Java Threads: ( => current thread )

Other Threads:

=>0x0000000003341800 (exited) JavaThread "Unknown thread" [_thread_in_vm, id=11724, stack(0x0000000003240000,0x0000000003340000)]

VM state:not at safepoint (normal execution)

VM Mutex/Monitor currently owned by a thread: None

Heap:
 PSYoungGen      total 37888K, used 655K [0x00000000d6380000, 0x00000000d8d80000, 0x0000000100000000)
  eden space 32768K, 2% used [0x00000000d6380000,0x00000000d6423d80,0x00000000d8380000)
  from space 5120K, 0% used [0x00000000d8880000,0x00000000d8880000,0x00000000d8d80000)
  to   space 5120K, 0% used [0x00000000d8380000,0x00000000d8380000,0x00000000d8880000)
 ParOldGen       total 86016K, used 0K [0x0000000082a00000, 0x0000000087e00000, 0x00000000d6380000)
  object space 86016K, 0% used [0x0000000082a00000,0x0000000082a00000,0x0000000087e00000)
 Metaspace       used 772K, capacity 4480K, committed 4480K, reserved 1056768K
  class space    used 73K, capacity 384K, committed 384K, reserved 1048576K

Card table byte_map: [0x0000000012800000,0x0000000012bf0000] byte_map_base: 0x00000000123eb000

Marking Bits: (ParMarkBitMap*) 0x0000000054fd5aa0
 Begin Bits: [0x0000000013490000, 0x00000000153e8000)
 End Bits:   [0x00000000153e8000, 0x0000000017340000)

Polling page: 0x0000000003160000

CodeCache: size=245760Kb used=328Kb max_used=328Kb free=245431Kb
 bounds [0x0000000003440000, 0x00000000036b0000, 0x0000000012440000]
 total_blobs=57 nmethods=0 adapters=38
 compilation: enabled

Compilation events (0 events):
No events

GC Heap History (0 events):
No events

Deoptimization events (0 events):
No events

Classes redefined (0 events):
No events

Internal exceptions (0 events):
No events

Events (10 events):
Event: 0.014 loading class java/lang/Short
Event: 0.014 loading class java/lang/Short done
Event: 0.014 loading class java/lang/Integer
Event: 0.014 loading class java/lang/Integer done
Event: 0.014 loading class java/lang/Long
Event: 0.014 loading class java/lang/Long done
Event: 0.014 loading class java/lang/NullPointerException
Event: 0.014 loading class java/lang/NullPointerException done
Event: 0.014 loading class java/lang/ArithmeticException
Event: 0.014 loading class java/lang/ArithmeticException done


Dynamic libraries:
0x00007ff7f7140000 - 0x00007ff7f7171000 	C:\Program Files\Android\Android Studio\jre\bin\java.EXE
0x00007ffde4990000 - 0x00007ffde4b71000 	C:\Windows\SYSTEM32\ntdll.dll
0x00007ffde25d0000 - 0x00007ffde2682000 	C:\Windows\System32\KERNEL32.DLL
0x00007ffde19a0000 - 0x00007ffde1c13000 	C:\Windows\System32\KERNELBASE.dll
0x00007ffde4110000 - 0x00007ffde41b1000 	C:\Windows\System32\ADVAPI32.dll
0x00007ffde4470000 - 0x00007ffde450e000 	C:\Windows\System32\msvcrt.dll
0x00007ffde4410000 - 0x00007ffde446b000 	C:\Windows\System32\sechost.dll
0x00007ffde1e30000 - 0x00007ffde1f54000 	C:\Windows\System32\RPCRT4.dll
0x00007ffde1f60000 - 0x00007ffde20f0000 	C:\Windows\System32\USER32.dll
0x00007ffde1e00000 - 0x00007ffde1e20000 	C:\Windows\System32\win32u.dll
0x00007ffde40a0000 - 0x00007ffde40c8000 	C:\Windows\System32\GDI32.dll
0x00007ffde17b0000 - 0x00007ffde1942000 	C:\Windows\System32\gdi32full.dll
0x00007ffde0e10000 - 0x00007ffde0eaf000 	C:\Windows\System32\msvcp_win.dll
0x00007ffde1ca0000 - 0x00007ffde1d9a000 	C:\Windows\System32\ucrtbase.dll
0x00007ffdd0250000 - 0x00007ffdd04b9000 	C:\Windows\WinSxS\amd64_microsoft.windows.common-controls_6595b64144ccf1df_6.0.17134.590_none_fb3d9bff3069e088\COMCTL32.dll
0x00007ffde2150000 - 0x00007ffde2472000 	C:\Windows\System32\combase.dll
0x00007ffde1c20000 - 0x00007ffde1c9a000 	C:\Windows\System32\bcryptPrimitives.dll
0x00007ffde4070000 - 0x00007ffde409d000 	C:\Windows\System32\IMM32.DLL
0x0000000055060000 - 0x0000000055132000 	C:\Program Files\Android\Android Studio\jre\jre\bin\msvcr100.dll
0x0000000054810000 - 0x0000000055051000 	C:\Program Files\Android\Android Studio\jre\jre\bin\server\jvm.dll
0x00007ffde4100000 - 0x00007ffde4108000 	C:\Windows\System32\PSAPI.DLL
0x00007ffddf8a0000 - 0x00007ffddf8a9000 	C:\Windows\SYSTEM32\WSOCK32.dll
0x00007ffddf890000 - 0x00007ffddf89a000 	C:\Windows\SYSTEM32\VERSION.dll
0x00007ffde4000000 - 0x00007ffde406c000 	C:\Windows\System32\WS2_32.dll
0x00007ffdde570000 - 0x00007ffdde593000 	C:\Windows\SYSTEM32\WINMM.dll
0x00007ffdde3a0000 - 0x00007ffdde3ca000 	C:\Windows\SYSTEM32\winmmbase.dll
0x00007ffde1950000 - 0x00007ffde1999000 	C:\Windows\System32\cfgmgr32.dll
0x00007ffddf7c0000 - 0x00007ffddf7cf000 	C:\Program Files\Android\Android Studio\jre\jre\bin\verify.dll
0x00007ffdde9c0000 - 0x00007ffdde9e9000 	C:\Program Files\Android\Android Studio\jre\jre\bin\java.dll
0x00007ffddb5f0000 - 0x00007ffddb606000 	C:\Program Files\Android\Android Studio\jre\jre\bin\zip.dll

VM Arguments:
java_command: <unknown>
java_class_path (initial): .
Launcher Type: SUN_STANDARD

Environment Variables:
PATH=C:\Program Files\Git\mingw64\bin;C:\Program Files\Git\usr\bin;C:\Users\Marketer\bin;C:\Program Files (x86)\Intel\Intel(R) Management Engine Components\iCLS;C:\Program Files\Intel\Intel(R) Management Engine Components\iCLS;C:\Windows\system32;C:\Windows;C:\Windows\System32\Wbem;C:\Windows\System32\WindowsPowerShell\v1.0;C:\Windows\System32\OpenSSH;C:\Program Files (x86)\Intel\Intel(R) Management Engine Components\DAL;C:\Program Files\Intel\Intel(R) Management Engine Components\DAL;C:\Program Files (x86)\Intel\Intel(R) Management Engine Components\IPT;C:\Program Files\Intel\Intel(R) Management Engine Components\IPT;C:\Program Files\Git\cmd;C:\Program Files (x86)\Yarn\bin;C:\Program Files\nodejs;C:\Program Files\Dart\dart-sdk\bin;E:\Software\flutter\bin;C:\Users\Marketer\AppData\Local\Programs\Microsoft VS Code\bin
USERNAME=Marketer
OS=Windows_NT
PROCESSOR_IDENTIFIER=Intel64 Family 6 Model 158 Stepping 10, GenuineIntel



---------------  S Y S T E M  ---------------

OS: Windows 10.0 , 64 bit Build 17134 (10.0.17134.556)

CPU:total 6 (initial active 6) (6 cores per cpu, 1 threads per core) family 6 model 158 stepping 10, cmov, cx8, fxsr, mmx, sse, sse2, sse3, ssse3, sse4.1, sse4.2, popcnt, avx, avx2, aes, clmul, erms, 3dnowpref, lzcnt, tsc, tscinvbit, bmi1, bmi2, adx

Memory: 4k page, physical 8212292k(830492k free), swap 8212292k(4188k free)

vm_info: OpenJDK 64-Bit Server VM (25.152-b01) for windows-amd64 JRE (1.8.0_152-release-1248-b01), built by "builder" with MS VC++ 10.0 (VS2010)

time: Wed Mar 13 12:34:18 2019
elapsed time: 0 seconds (0d 0h 0m 0s)

